<?xml version="1.0" encoding="UTF-8" ?>
<testsuite tests="0" failures="0" name="artifactory.test.AppTest" time="0" errors="0" skipped="0">
  <properties>
    <property name="java.vendor" value="Private Build"/>
    <property name="JOB_NAME" value="maven-project"/>
    <property name="PWD" value="/var/lib/jenkins"/>
    <property name="RUN_TESTS_DISPLAY_URL" value="http://35.196.253.221:8080/job/maven-project/10/display/redirect?page=tests"/>
    <property name="sun.java.launcher" value="SUN_STANDARD"/>
    <property name="sun.management.compiler" value="HotSpot 64-Bit Tiered Compilers"/>
    <property name="JENKINS_HOME" value="/var/lib/jenkins"/>
    <property name="PATH" value="/usr/local/sbin:/usr/local/bin:/usr/sbin:/usr/bin:/sbin:/bin:/usr/games:/usr/local/games:/snap/bin"/>
    <property name="HUDSON_SERVER_COOKIE" value="7fce4289cb8ba442"/>
    <property name="POM_ARTIFACTID" value="multi"/>
    <property name="os.name" value="Linux"/>
    <property name="sun.boot.class.path" value="/usr/lib/jvm/java-8-openjdk-amd64/jre/lib/resources.jar:/usr/lib/jvm/java-8-openjdk-amd64/jre/lib/rt.jar:/usr/lib/jvm/java-8-openjdk-amd64/jre/lib/sunrsasign.jar:/usr/lib/jvm/java-8-openjdk-amd64/jre/lib/jsse.jar:/usr/lib/jvm/java-8-openjdk-amd64/jre/lib/jce.jar:/usr/lib/jvm/java-8-openjdk-amd64/jre/lib/charsets.jar:/usr/lib/jvm/java-8-openjdk-amd64/jre/lib/jfr.jar:/usr/lib/jvm/java-8-openjdk-amd64/jre/classes"/>
    <property name="EXECUTOR_NUMBER" value="1"/>
    <property name="XDG_DATA_DIRS" value="/usr/local/share:/usr/share:/var/lib/snapd/desktop"/>
    <property name="java.vm.specification.vendor" value="Oracle Corporation"/>
    <property name="POM_DISPLAYNAME" value="Simple Multi Modules Build"/>
    <property name="XDG_RUNTIME_DIR" value="/run/user/112"/>
    <property name="NODE_LABELS" value="master"/>
    <property name="java.runtime.version" value="1.8.0_275-8u275-b01-0ubuntu1~18.04-b01"/>
    <property name="user.name" value="jenkins"/>
    <property name="guice.disable.misplaced.annotation.check" value="true"/>
    <property name="extractor.used" value="true"/>
    <property name="user.language" value="en"/>
    <property name="JOB_BASE_NAME" value="maven-project"/>
    <property name="RUN_CHANGES_DISPLAY_URL" value="http://35.196.253.221:8080/job/maven-project/10/display/redirect?page=changes"/>
    <property name="BUILD_DISPLAY_NAME" value="#10"/>
    <property name="sun.boot.library.path" value="/usr/lib/jvm/java-8-openjdk-amd64/jre/lib/amd64"/>
    <property name="GIT_PREVIOUS_SUCCESSFUL_COMMIT" value="7f5231199bb506c4465ffc747e2a24a92ba41871"/>
    <property name="java.version" value="1.8.0_275"/>
    <property name="user.timezone" value="Etc/UTC"/>
    <property name="sun.arch.data.model" value="64"/>
    <property name="NODE_NAME" value="master"/>
    <property name="buildInfoConfig.artifactoryResolutionEnabled" value="true"/>
    <property name="RELEASE_SCM_BRANCH" value="REL-BRANCH-multi-4.8.11"/>
    <property name="java.endorsed.dirs" value="/usr/lib/jvm/java-8-openjdk-amd64/jre/lib/endorsed"/>
    <property name="BUILD_ID" value="10"/>
    <property name="sun.cpu.isalist" value=""/>
    <property name="sun.jnu.encoding" value="UTF-8"/>
    <property name="file.encoding.pkg" value="sun.io"/>
    <property name="SHELL" value="/bin/bash"/>
    <property name="file.separator" value="/"/>
    <property name="java.specification.name" value="Java Platform API Specification"/>
    <property name="maven.conf" value="/var/lib/jenkins/tools/hudson.tasks.Maven_MavenInstallation/maven/conf"/>
    <property name="java.class.version" value="52.0"/>
    <property name="org.slf4j.simpleLogger.defaultLogLevel" value="info"/>
    <property name="securerandom.source" value="file:/dev/./urandom"/>
    <property name="java.home" value="/usr/lib/jvm/java-8-openjdk-amd64/jre"/>
    <property name="java.vm.info" value="mixed mode"/>
    <property name="os.version" value="5.4.0-1030-gcp"/>
    <property name="RUN_DISPLAY_URL" value="http://35.196.253.221:8080/job/maven-project/10/display/redirect"/>
    <property name="POM_VERSION" value="4.8.10"/>
    <property name="sun.font.fontmanager" value="sun.awt.X11FontManager"/>
    <property name="RUN_ARTIFACTS_DISPLAY_URL" value="http://35.196.253.221:8080/job/maven-project/10/display/redirect?page=artifacts"/>
    <property name="path.separator" value=":"/>
    <property name="javax.accessibility.assistive_technologies" value="org.GNOME.Accessibility.AtkWrapper"/>
    <property name="java.vm.version" value="25.275-b01"/>
    <property name="GIT_PREVIOUS_COMMIT" value="4833cfd052825a94a8a015abf59830dce25876d6"/>
    <property name="JOB_DISPLAY_URL" value="http://35.196.253.221:8080/job/maven-project/display/redirect"/>
    <property name="RT_RELEASE_STAGING_NEXT_VERSION" value="4.8.11-SNAPSHOT"/>
    <property name="SHLVL" value="1"/>
    <property name="_" value="/usr/bin/daemon"/>
    <property name="java.awt.printerjob" value="sun.print.PSPrinterJob"/>
    <property name="sun.io.unicode.encoding" value="UnicodeLittle"/>
    <property name="awt.toolkit" value="sun.awt.X11.XToolkit"/>
    <property name="LOGNAME" value="jenkins"/>
    <property name="POM_PACKAGING" value="pom"/>
    <property name="HOME" value="/var/lib/jenkins"/>
    <property name="RT_RELEASE_STAGING_VERSION" value="4.8.11"/>
    <property name="POM_GROUPID" value="org.jfrog.test"/>
    <property name="user.home" value="/var/lib/jenkins"/>
    <property name="BUILD_TAG" value="jenkins-maven-project-10"/>
    <property name="JENKINS_SERVER_COOKIE" value="7fce4289cb8ba442"/>
    <property name="HUDSON_URL" value="http://35.196.253.221:8080/"/>
    <property name="java.specification.vendor" value="Oracle Corporation"/>
    <property name="XDG_SESSION_ID" value="c1"/>
    <property name="CLASSPATH" value=""/>
    <property name="java.vendor.url" value="http://java.oracle.com/"/>
    <property name="java.library.path" value="/usr/java/packages/lib/amd64:/usr/lib/x86_64-linux-gnu/jni:/lib/x86_64-linux-gnu:/usr/lib/x86_64-linux-gnu:/usr/lib/jni:/lib:/usr/lib"/>
    <property name="java.vm.vendor" value="Private Build"/>
    <property name="java.runtime.name" value="OpenJDK Runtime Environment"/>
    <property name="maven.home" value="/var/lib/jenkins/tools/hudson.tasks.Maven_MavenInstallation/maven"/>
    <property name="java.class.path" value="/var/lib/jenkins/plugins/maven-plugin/WEB-INF/lib/maven35-agent-1.13.jar:/var/lib/jenkins/tools/hudson.tasks.Maven_MavenInstallation/maven/boot/plexus-classworlds-2.6.0.jar:/var/lib/jenkins/tools/hudson.tasks.Maven_MavenInstallation/maven/conf/logging"/>
    <property name="sun.java.command" value="jenkins.maven3.agent.Maven35Main /var/lib/jenkins/tools/hudson.tasks.Maven_MavenInstallation/maven /var/cache/jenkins/war/WEB-INF/lib/remoting-4.5.jar /var/lib/jenkins/plugins/maven-plugin/WEB-INF/lib/maven35-interceptor-1.13.jar /var/lib/jenkins/plugins/maven-plugin/WEB-INF/lib/maven3-interceptor-commons-1.13.jar 33437"/>
    <property name="java.vm.specification.name" value="Java Virtual Machine Specification"/>
    <property name="java.vm.specification.version" value="1.8"/>
    <property name="sun.os.patch.level" value="unknown"/>
    <property name="sun.cpu.endian" value="little"/>
    <property name="M2_HOME" value="/var/lib/jenkins/tools/hudson.tasks.Maven_MavenInstallation/maven"/>
    <property name="MAIL" value="/var/mail/jenkins"/>
    <property name="java.io.tmpdir" value="/tmp"/>
    <property name="HUDSON_HOME" value="/var/lib/jenkins"/>
    <property name="PATH+MAVEN" value="/var/lib/jenkins/tools/hudson.tasks.Maven_MavenInstallation/maven/bin"/>
    <property name="BUILD_URL" value="http://35.196.253.221:8080/job/maven-project/10/"/>
    <property name="java.vendor.url.bug" value="http://bugreport.sun.com/bugreport/"/>
    <property name="buildInfoConfig.propertiesFile" value="/var/lib/jenkins/workspace/maven-project@tmp/artifactory/buildInfo5189128249181128297.properties"/>
    <property name="java.awt.graphicsenv" value="sun.awt.X11GraphicsEnvironment"/>
    <property name="os.arch" value="amd64"/>
    <property name="java.ext.dirs" value="/usr/lib/jvm/java-8-openjdk-amd64/jre/lib/ext:/usr/java/packages/lib/ext"/>
    <property name="user.dir" value="/var/lib/jenkins/workspace/maven-project"/>
    <property name="JOB_URL" value="http://35.196.253.221:8080/job/maven-project/"/>
    <property name="line.separator" value="
"/>
    <property name="MAVEN_HOME" value="/var/lib/jenkins/tools/hudson.tasks.Maven_MavenInstallation/maven"/>
    <property name="java.vm.name" value="OpenJDK 64-Bit Server VM"/>
    <property name="BUILD_NUMBER" value="10"/>
    <property name="JENKINS_URL" value="http://35.196.253.221:8080/"/>
    <property name="GIT_BRANCH" value="origin/master"/>
    <property name="RT_RELEASE_STAGING_SCM_BRANCH" value="REL-BRANCH-multi-4.8.11"/>
    <property name="GIT_COMMIT" value="4833cfd052825a94a8a015abf59830dce25876d6"/>
    <property name="RELEASE_SCM_TAG" value="multi-4.8.11"/>
    <property name="file.encoding" value="UTF-8"/>
    <property name="LANG" value="C.UTF-8"/>
    <property name="maven3.interceptor" value="/var/lib/jenkins/plugins/maven-plugin/WEB-INF/lib/maven35-interceptor-1.13.jar"/>
    <property name="WORKSPACE_TMP" value="/var/lib/jenkins/workspace/maven-project@tmp"/>
    <property name="WORKSPACE" value="/var/lib/jenkins/workspace/maven-project"/>
    <property name="maven3.interceptor.common" value="/var/lib/jenkins/plugins/maven-plugin/WEB-INF/lib/maven3-interceptor-commons-1.13.jar"/>
    <property name="RT_RELEASE_STAGING_SCM_TAG" value="multi-4.8.11"/>
    <property name="java.specification.version" value="1.8"/>
    <property name="USER" value="jenkins"/>
    <property name="GIT_URL" value="https://github.com/JayanthSureshjfrog/Maven-project.git"/>
  </properties>
</testsuite>